# JRE version: Java(TM) SE Runtime Environment (8.0_20-b26) (build 1.8.0_20-b26)
# Java VM: Java HotSpot(TM) 64-Bit Server VM (25.20-b23 mixed mode windows-amd64 compressed oops)
Heap:
 PSYoungGen      total 133120K, used 42066K [0x00000000eb200000, 0x00000000f6980000, 0x0000000100000000)
  eden space 130560K, 31% used [0x00000000eb200000,0x00000000edacc848,0x00000000f3180000)
  from space 2560K, 11% used [0x00000000f3180000,0x00000000f31c8000,0x00000000f3400000)
  to   space 2560K, 0% used [0x00000000f6700000,0x00000000f6700000,0x00000000f6980000)
 ParOldGen       total 44032K, used 4675K [0x00000000c1600000, 0x00000000c4100000, 0x00000000eb200000)
  object space 44032K, 10% used [0x00000000c1600000,0x00000000c1a90dc8,0x00000000c4100000)
 Metaspace       used 2673K, capacity 4552K, committed 4864K, reserved 1056768K
  class space    used 278K, capacity 388K, committed 512K, reserved 1048576K
GC Heap History (10 events):
Event: 8.679 GC heap before
{Heap before GC invocations=13 (full 0):
 PSYoungGen      total 132608K, used 130816K [0x00000000eb200000, 0x00000000f3700000, 0x0000000100000000)
  eden space 130560K, 100% used [0x00000000eb200000,0x00000000f3180000,0x00000000f3180000)
  from space 2048K, 12% used [0x00000000f3400000,0x00000000f3440000,0x00000000f3600000)
  to   space 2560K, 0% used [0x00000000f3180000,0x00000000f3180000,0x00000000f3400000)
 ParOldGen       total 44032K, used 3548K [0x00000000c1600000, 0x00000000c4100000, 0x00000000eb200000)
  object space 44032K, 8% used [0x00000000c1600000,0x00000000c19770c8,0x00000000c4100000)
 Metaspace       used 2673K, capacity 4552K, committed 4864K, reserved 1056768K
  class space    used 278K, capacity 388K, committed 512K, reserved 1048576K
Event: 8.715 GC heap after
Heap after GC invocations=13 (full 0):
 PSYoungGen      total 133120K, used 256K [0x00000000eb200000, 0x00000000f3700000, 0x0000000100000000)
  eden space 130560K, 0% used [0x00000000eb200000,0x00000000eb200000,0x00000000f3180000)
  from space 2560K, 10% used [0x00000000f3180000,0x00000000f31c0000,0x00000000f3400000)
  to   space 2048K, 0% used [0x00000000f3400000,0x00000000f3400000,0x00000000f3600000)
 ParOldGen       total 44032K, used 3764K [0x00000000c1600000, 0x00000000c4100000, 0x00000000eb200000)
  object space 44032K, 8% used [0x00000000c1600000,0x00000000c19ad0c8,0x00000000c4100000)
 Metaspace       used 2673K, capacity 4552K, committed 4864K, reserved 1056768K
  class space    used 278K, capacity 388K, committed 512K, reserved 1048576K
}
Event: 9.004 GC heap before
{Heap before GC invocations=14 (full 0):
 PSYoungGen      total 133120K, used 130816K [0x00000000eb200000, 0x00000000f3700000, 0x0000000100000000)
  eden space 130560K, 100% used [0x00000000eb200000,0x00000000f3180000,0x00000000f3180000)
  from space 2560K, 10% used [0x00000000f3180000,0x00000000f31c0000,0x00000000f3400000)
  to   space 2048K, 0% used [0x00000000f3400000,0x00000000f3400000,0x00000000f3600000)
 ParOldGen       total 44032K, used 3764K [0x00000000c1600000, 0x00000000c4100000, 0x00000000eb200000)
  object space 44032K, 8% used [0x00000000c1600000,0x00000000c19ad0c8,0x00000000c4100000)
 Metaspace       used 2673K, capacity 4552K, committed 4864K, reserved 1056768K
  class space    used 278K, capacity 388K, committed 512K, reserved 1048576K
Event: 9.005 GC heap after
Heap after GC invocations=14 (full 0):
 PSYoungGen      total 132608K, used 288K [0x00000000eb200000, 0x00000000f3700000, 0x0000000100000000)
  eden space 130560K, 0% used [0x00000000eb200000,0x00000000eb200000,0x00000000f3180000)
  from space 2048K, 14% used [0x00000000f3400000,0x00000000f3448000,0x00000000f3600000)
  to   space 2560K, 0% used [0x00000000f3180000,0x00000000f3180000,0x00000000f3400000)
 ParOldGen       total 44032K, used 3972K [0x00000000c1600000, 0x00000000c4100000, 0x00000000eb200000)
  object space 44032K, 9% used [0x00000000c1600000,0x00000000c19e10c8,0x00000000c4100000)
 Metaspace       used 2673K, capacity 4552K, committed 4864K, reserved 1056768K
  class space    used 278K, capacity 388K, committed 512K, reserved 1048576K
}
Event: 9.270 GC heap before
{Heap before GC invocations=15 (full 0):
 PSYoungGen      total 132608K, used 130848K [0x00000000eb200000, 0x00000000f3700000, 0x0000000100000000)
  eden space 130560K, 100% used [0x00000000eb200000,0x00000000f3180000,0x00000000f3180000)
  from space 2048K, 14% used [0x00000000f3400000,0x00000000f3448000,0x00000000f3600000)
  to   space 2560K, 0% used [0x00000000f3180000,0x00000000f3180000,0x00000000f3400000)
 ParOldGen       total 44032K, used 3972K [0x00000000c1600000, 0x00000000c4100000, 0x00000000eb200000)
  object space 44032K, 9% used [0x00000000c1600000,0x00000000c19e10c8,0x00000000c4100000)
 Metaspace       used 2673K, capacity 4552K, committed 4864K, reserved 1056768K
  class space    used 278K, capacity 388K, committed 512K, reserved 1048576K
Event: 9.278 GC heap after
Heap after GC invocations=15 (full 0):
 PSYoungGen      total 133120K, used 256K [0x00000000eb200000, 0x00000000f3700000, 0x0000000100000000)
  eden space 130560K, 0% used [0x00000000eb200000,0x00000000eb200000,0x00000000f3180000)
  from space 2560K, 10% used [0x00000000f3180000,0x00000000f31c0000,0x00000000f3400000)
  to   space 2048K, 0% used [0x00000000f3400000,0x00000000f3400000,0x00000000f3600000)
 ParOldGen       total 44032K, used 4212K [0x00000000c1600000, 0x00000000c4100000, 0x00000000eb200000)
  object space 44032K, 9% used [0x00000000c1600000,0x00000000c1a1d0c8,0x00000000c4100000)
 Metaspace       used 2673K, capacity 4552K, committed 4864K, reserved 1056768K
  class space    used 278K, capacity 388K, committed 512K, reserved 1048576K
}
Event: 9.594 GC heap before
{Heap before GC invocations=16 (full 0):
 PSYoungGen      total 133120K, used 130816K [0x00000000eb200000, 0x00000000f3700000, 0x0000000100000000)
  eden space 130560K, 100% used [0x00000000eb200000,0x00000000f3180000,0x00000000f3180000)
  from space 2560K, 10% used [0x00000000f3180000,0x00000000f31c0000,0x00000000f3400000)
  to   space 2048K, 0% used [0x00000000f3400000,0x00000000f3400000,0x00000000f3600000)
 ParOldGen       total 44032K, used 4212K [0x00000000c1600000, 0x00000000c4100000, 0x00000000eb200000)
  object space 44032K, 9% used [0x00000000c1600000,0x00000000c1a1d0c8,0x00000000c4100000)
 Metaspace       used 2673K, capacity 4552K, committed 4864K, reserved 1056768K
  class space    used 278K, capacity 388K, committed 512K, reserved 1048576K
Event: 9.691 GC heap after
Heap after GC invocations=16 (full 0):
 PSYoungGen      total 132608K, used 256K [0x00000000eb200000, 0x00000000f3700000, 0x0000000100000000)
  eden space 130560K, 0% used [0x00000000eb200000,0x00000000eb200000,0x00000000f3180000)
  from space 2048K, 12% used [0x00000000f3400000,0x00000000f3440000,0x00000000f3600000)
  to   space 2560K, 0% used [0x00000000f3180000,0x00000000f3180000,0x00000000f3400000)
 ParOldGen       total 44032K, used 4436K [0x00000000c1600000, 0x00000000c4100000, 0x00000000eb200000)
  object space 44032K, 10% used [0x00000000c1600000,0x00000000c1a550c8,0x00000000c4100000)
 Metaspace       used 2673K, capacity 4552K, committed 4864K, reserved 1056768K
  class space    used 278K, capacity 388K, committed 512K, reserved 1048576K
}
Event: 10.169 GC heap before
{Heap before GC invocations=17 (full 0):
 PSYoungGen      total 132608K, used 130816K [0x00000000eb200000, 0x00000000f3700000, 0x0000000100000000)
  eden space 130560K, 100% used [0x00000000eb200000,0x00000000f3180000,0x00000000f3180000)
  from space 2048K, 12% used [0x00000000f3400000,0x00000000f3440000,0x00000000f3600000)
  to   space 2560K, 0% used [0x00000000f3180000,0x00000000f3180000,0x00000000f3400000)
 ParOldGen       total 44032K, used 4436K [0x00000000c1600000, 0x00000000c4100000, 0x00000000eb200000)
  object space 44032K, 10% used [0x00000000c1600000,0x00000000c1a550c8,0x00000000c4100000)
 Metaspace       used 2673K, capacity 4552K, committed 4864K, reserved 1056768K
  class space    used 278K, capacity 388K, committed 512K, reserved 1048576K
Event: 10.176 GC heap after
Heap after GC invocations=17 (full 0):
 PSYoungGen      total 133120K, used 288K [0x00000000eb200000, 0x00000000f6980000, 0x0000000100000000)
  eden space 130560K, 0% used [0x00000000eb200000,0x00000000eb200000,0x00000000f3180000)
  from space 2560K, 11% used [0x00000000f3180000,0x00000000f31c8000,0x00000000f3400000)
  to   space 2560K, 0% used [0x00000000f6700000,0x00000000f6700000,0x00000000f6980000)
 ParOldGen       total 44032K, used 4675K [0x00000000c1600000, 0x00000000c4100000, 0x00000000eb200000)
  object space 44032K, 10% used [0x00000000c1600000,0x00000000c1a90dc8,0x00000000c4100000)
 Metaspace       used 2673K, capacity 4552K, committed 4864K, reserved 1056768K
  class space    used 278K, capacity 388K, committed 512K, reserved 1048576K
}

