# JRE version: Java(TM) SE Runtime Environment (8.0_20-b26) (build 1.8.0_20-b26)
# Java VM: Java HotSpot(TM) 64-Bit Server VM (25.20-b23 mixed mode windows-amd64 compressed oops)
Heap:
 PSYoungGen      total 63488K, used 44211K [0x00000000eb200000, 0x00000000f0300000, 0x0000000100000000)
  eden space 62976K, 70% used [0x00000000eb200000,0x00000000edd0cea8,0x00000000eef80000)
  from space 512K, 25% used [0x00000000f0200000,0x00000000f0220000,0x00000000f0280000)
  to   space 512K, 0% used [0x00000000f0280000,0x00000000f0280000,0x00000000f0300000)
 ParOldGen       total 44032K, used 12558K [0x00000000c1600000, 0x00000000c4100000, 0x00000000eb200000)
  object space 44032K, 28% used [0x00000000c1600000,0x00000000c22439d8,0x00000000c4100000)
 Metaspace       used 2643K, capacity 4552K, committed 4864K, reserved 1056768K
  class space    used 278K, capacity 388K, committed 512K, reserved 1048576K
GC Heap History (10 events):
Event: 17.736 GC heap before
{Heap before GC invocations=131 (full 0):
 PSYoungGen      total 73728K, used 73344K [0x00000000eb200000, 0x00000000f0300000, 0x0000000100000000)
  eden space 73216K, 100% used [0x00000000eb200000,0x00000000ef980000,0x00000000ef980000)
  from space 512K, 25% used [0x00000000f0280000,0x00000000f02a0000,0x00000000f0300000)
  to   space 512K, 0% used [0x00000000f0200000,0x00000000f0200000,0x00000000f0280000)
 ParOldGen       total 44032K, used 12142K [0x00000000c1600000, 0x00000000c4100000, 0x00000000eb200000)
  object space 44032K, 27% used [0x00000000c1600000,0x00000000c21db9d8,0x00000000c4100000)
 Metaspace       used 2643K, capacity 4552K, committed 4864K, reserved 1056768K
  class space    used 278K, capacity 388K, committed 512K, reserved 1048576K
Event: 17.736 GC heap after
Heap after GC invocations=131 (full 0):
 PSYoungGen      total 73728K, used 128K [0x00000000eb200000, 0x00000000f0300000, 0x0000000100000000)
  eden space 73216K, 0% used [0x00000000eb200000,0x00000000eb200000,0x00000000ef980000)
  from space 512K, 25% used [0x00000000f0200000,0x00000000f0220000,0x00000000f0280000)
  to   space 512K, 0% used [0x00000000f0280000,0x00000000f0280000,0x00000000f0300000)
 ParOldGen       total 44032K, used 12214K [0x00000000c1600000, 0x00000000c4100000, 0x00000000eb200000)
  object space 44032K, 27% used [0x00000000c1600000,0x00000000c21ed9d8,0x00000000c4100000)
 Metaspace       used 2643K, capacity 4552K, committed 4864K, reserved 1056768K
  class space    used 278K, capacity 388K, committed 512K, reserved 1048576K
}
Event: 17.902 GC heap before
{Heap before GC invocations=132 (full 0):
 PSYoungGen      total 73728K, used 73344K [0x00000000eb200000, 0x00000000f0300000, 0x0000000100000000)
  eden space 73216K, 100% used [0x00000000eb200000,0x00000000ef980000,0x00000000ef980000)
  from space 512K, 25% used [0x00000000f0200000,0x00000000f0220000,0x00000000f0280000)
  to   space 512K, 0% used [0x00000000f0280000,0x00000000f0280000,0x00000000f0300000)
 ParOldGen       total 44032K, used 12214K [0x00000000c1600000, 0x00000000c4100000, 0x00000000eb200000)
  object space 44032K, 27% used [0x00000000c1600000,0x00000000c21ed9d8,0x00000000c4100000)
 Metaspace       used 2643K, capacity 4552K, committed 4864K, reserved 1056768K
  class space    used 278K, capacity 388K, committed 512K, reserved 1048576K
Event: 17.902 GC heap after
Heap after GC invocations=132 (full 0):
 PSYoungGen      total 71168K, used 128K [0x00000000eb200000, 0x00000000f0300000, 0x0000000100000000)
  eden space 70656K, 0% used [0x00000000eb200000,0x00000000eb200000,0x00000000ef700000)
  from space 512K, 25% used [0x00000000f0280000,0x00000000f02a0000,0x00000000f0300000)
  to   space 512K, 0% used [0x00000000f0200000,0x00000000f0200000,0x00000000f0280000)
 ParOldGen       total 44032K, used 12310K [0x00000000c1600000, 0x00000000c4100000, 0x00000000eb200000)
  object space 44032K, 27% used [0x00000000c1600000,0x00000000c22059d8,0x00000000c4100000)
 Metaspace       used 2643K, capacity 4552K, committed 4864K, reserved 1056768K
  class space    used 278K, capacity 388K, committed 512K, reserved 1048576K
}
Event: 18.067 GC heap before
{Heap before GC invocations=133 (full 0):
 PSYoungGen      total 71168K, used 70784K [0x00000000eb200000, 0x00000000f0300000, 0x0000000100000000)
  eden space 70656K, 100% used [0x00000000eb200000,0x00000000ef700000,0x00000000ef700000)
  from space 512K, 25% used [0x00000000f0280000,0x00000000f02a0000,0x00000000f0300000)
  to   space 512K, 0% used [0x00000000f0200000,0x00000000f0200000,0x00000000f0280000)
 ParOldGen       total 44032K, used 12310K [0x00000000c1600000, 0x00000000c4100000, 0x00000000eb200000)
  object space 44032K, 27% used [0x00000000c1600000,0x00000000c22059d8,0x00000000c4100000)
 Metaspace       used 2643K, capacity 4552K, committed 4864K, reserved 1056768K
  class space    used 278K, capacity 388K, committed 512K, reserved 1048576K
Event: 18.068 GC heap after
Heap after GC invocations=133 (full 0):
 PSYoungGen      total 68608K, used 128K [0x00000000eb200000, 0x00000000f0300000, 0x0000000100000000)
  eden space 68096K, 0% used [0x00000000eb200000,0x00000000eb200000,0x00000000ef480000)
  from space 512K, 25% used [0x00000000f0200000,0x00000000f0220000,0x00000000f0280000)
  to   space 512K, 0% used [0x00000000f0280000,0x00000000f0280000,0x00000000f0300000)
 ParOldGen       total 44032K, used 12398K [0x00000000c1600000, 0x00000000c4100000, 0x00000000eb200000)
  object space 44032K, 28% used [0x00000000c1600000,0x00000000c221b9d8,0x00000000c4100000)
 Metaspace       used 2643K, capacity 4552K, committed 4864K, reserved 1056768K
  class space    used 278K, capacity 388K, committed 512K, reserved 1048576K
}
Event: 18.221 GC heap before
{Heap before GC invocations=134 (full 0):
 PSYoungGen      total 68608K, used 68224K [0x00000000eb200000, 0x00000000f0300000, 0x0000000100000000)
  eden space 68096K, 100% used [0x00000000eb200000,0x00000000ef480000,0x00000000ef480000)
  from space 512K, 25% used [0x00000000f0200000,0x00000000f0220000,0x00000000f0280000)
  to   space 512K, 0% used [0x00000000f0280000,0x00000000f0280000,0x00000000f0300000)
 ParOldGen       total 44032K, used 12398K [0x00000000c1600000, 0x00000000c4100000, 0x00000000eb200000)
  object space 44032K, 28% used [0x00000000c1600000,0x00000000c221b9d8,0x00000000c4100000)
 Metaspace       used 2643K, capacity 4552K, committed 4864K, reserved 1056768K
  class space    used 278K, capacity 388K, committed 512K, reserved 1048576K
Event: 18.222 GC heap after
Heap after GC invocations=134 (full 0):
 PSYoungGen      total 66048K, used 128K [0x00000000eb200000, 0x00000000f0300000, 0x0000000100000000)
  eden space 65536K, 0% used [0x00000000eb200000,0x00000000eb200000,0x00000000ef200000)
  from space 512K, 25% used [0x00000000f0280000,0x00000000f02a0000,0x00000000f0300000)
  to   space 512K, 0% used [0x00000000f0200000,0x00000000f0200000,0x00000000f0280000)
 ParOldGen       total 44032K, used 12478K [0x00000000c1600000, 0x00000000c4100000, 0x00000000eb200000)
  object space 44032K, 28% used [0x00000000c1600000,0x00000000c222f9d8,0x00000000c4100000)
 Metaspace       used 2643K, capacity 4552K, committed 4864K, reserved 1056768K
  class space    used 278K, capacity 388K, committed 512K, reserved 1048576K
}
Event: 18.366 GC heap before
{Heap before GC invocations=135 (full 0):
 PSYoungGen      total 66048K, used 65664K [0x00000000eb200000, 0x00000000f0300000, 0x0000000100000000)
  eden space 65536K, 100% used [0x00000000eb200000,0x00000000ef200000,0x00000000ef200000)
  from space 512K, 25% used [0x00000000f0280000,0x00000000f02a0000,0x00000000f0300000)
  to   space 512K, 0% used [0x00000000f0200000,0x00000000f0200000,0x00000000f0280000)
 ParOldGen       total 44032K, used 12478K [0x00000000c1600000, 0x00000000c4100000, 0x00000000eb200000)
  object space 44032K, 28% used [0x00000000c1600000,0x00000000c222f9d8,0x00000000c4100000)
 Metaspace       used 2643K, capacity 4552K, committed 4864K, reserved 1056768K
  class space    used 278K, capacity 388K, committed 512K, reserved 1048576K
Event: 18.367 GC heap after
Heap after GC invocations=135 (full 0):
 PSYoungGen      total 63488K, used 128K [0x00000000eb200000, 0x00000000f0300000, 0x0000000100000000)
  eden space 62976K, 0% used [0x00000000eb200000,0x00000000eb200000,0x00000000eef80000)
  from space 512K, 25% used [0x00000000f0200000,0x00000000f0220000,0x00000000f0280000)
  to   space 512K, 0% used [0x00000000f0280000,0x00000000f0280000,0x00000000f0300000)
 ParOldGen       total 44032K, used 12558K [0x00000000c1600000, 0x00000000c4100000, 0x00000000eb200000)
  object space 44032K, 28% used [0x00000000c1600000,0x00000000c22439d8,0x00000000c4100000)
 Metaspace       used 2643K, capacity 4552K, committed 4864K, reserved 1056768K
  class space    used 278K, capacity 388K, committed 512K, reserved 1048576K
}

